2025-05-138 18:37:59 [main] INFO  Log- Settingup the WedDriver...
2025-05-138 18:38:01 [main] INFO  Log- Navigating to URL...
2025-05-138 18:38:02 [main] INFO  Log- Starting logging test...
2025-05-138 18:38:02 [main] INFO  Log- Adding the credentialss...
2025-05-138 18:38:02 [main] INFO  Log- user Logged in.. 
2025-05-138 18:38:03 [main] INFO  Log- Verifying title...
2025-05-138 18:38:03 [main] INFO  Log- closing browser...
2025-05-138 19:27:56 [main] INFO  Log- Settingup the WedDriver...
2025-05-138 19:27:59 [main] INFO  Log- Navigating to URL...
2025-05-138 19:28:00 [main] INFO  Log- Starting logging test...
2025-05-138 19:28:00 [main] INFO  Log- Adding the credentialss...
2025-05-138 19:28:01 [main] INFO  Log- user Logged in.. 
2025-05-138 19:28:01 [main] INFO  Log- Verifying title...
2025-05-138 19:28:01 [main] INFO  Log- closing browser...
2025-05-139 12:30:21 [main] INFO  Log- Settingup the WedDriver...
2025-05-139 12:30:25 [main] INFO  Log- Navigating to URL...
2025-05-139 12:30:26 [main] INFO  Log- Starting logging test...
2025-05-139 12:30:26 [main] INFO  Log- Adding the credentialss...
2025-05-139 12:30:27 [main] INFO  Log- user Logged in.. 
2025-05-139 12:30:27 [main] INFO  Log- Verifying title...
2025-05-139 12:30:27 [main] INFO  Log- closing browser...
2025-05-139 16:16:30 [main] INFO  Log- Settingup the WedDriver...
2025-05-139 16:16:34 [main] INFO  Log- Navigating to URL...
2025-05-139 16:16:34 [main] INFO  Log- Starting logging test...
2025-05-139 16:16:34 [main] INFO  Log- Adding the credentialss...
2025-05-139 16:16:35 [main] INFO  Log- user Logged in.. 
2025-05-139 16:16:35 [main] INFO  Log- Verifying title...
2025-05-139 16:16:35 [main] INFO  Log- closing browser...
2025-05-139 16:35:35 [main] INFO  Log- Settingup the WedDriver...
2025-05-139 16:35:38 [main] INFO  Log- Navigating to URL...
2025-05-139 16:35:38 [main] INFO  Log- Starting logging test...
2025-05-139 16:35:38 [main] INFO  Log- Adding the credentialss...
2025-05-139 16:35:39 [main] INFO  Log- user Logged in.. 
2025-05-139 16:35:40 [main] INFO  Log- Verifying title...
2025-05-139 16:35:40 [main] INFO  Log- closing browser...
2025-05-139 16:36:17 [main] INFO  Log- Settingup the WedDriver...
2025-05-139 16:36:19 [main] INFO  Log- Navigating to URL...
2025-05-139 16:36:20 [main] INFO  Log- Starting logging test...
2025-05-139 16:36:20 [main] INFO  Log- Adding the credentialss...
2025-05-139 16:36:20 [main] INFO  Log- user Logged in.. 
2025-05-139 16:36:21 [main] INFO  Log- Verifying title...
2025-05-139 16:36:21 [main] INFO  Log- closing browser...
2025-05-139 16:39:45 [main] INFO  Log- Settingup the WedDriver...
2025-05-139 16:39:47 [main] INFO  Log- Navigating to URL...
2025-05-139 16:39:48 [main] INFO  Log- Starting logging test...
2025-05-139 16:39:48 [main] INFO  Log- Adding the credentialss...
2025-05-139 16:39:48 [main] INFO  Log- user Logged in.. 
2025-05-139 16:39:49 [main] INFO  Log- Verifying title...
2025-05-139 16:41:04 [main] INFO  Log- Settingup the WedDriver...
2025-05-139 16:41:07 [main] INFO  Log- Navigating to URL...
2025-05-139 16:41:07 [main] INFO  Log- Starting logging test...
2025-05-139 16:41:08 [main] INFO  Log- Adding the credentialss...
2025-05-139 16:41:08 [main] INFO  Log- user Logged in.. 
2025-05-139 16:41:09 [main] INFO  Log- Verifying title...
2025-05-139 16:41:09 [main] INFO  Log- closing browser...
2025-05-139 16:44:56 [main] INFO  Log- Settingup the WedDriver...
2025-05-139 16:44:58 [main] INFO  Log- Navigating to URL...
2025-05-139 16:44:59 [main] INFO  Log- Starting logging test...
2025-05-139 16:44:59 [main] INFO  Log- Adding the credentialss...
2025-05-139 16:44:59 [main] INFO  Log- user Logged in.. 
2025-05-139 16:44:59 [main] INFO  Log- Verifying title...
2025-05-139 16:45:00 [main] INFO  Log- closing browser...
2025-05-139 16:47:46 [main] INFO  Log- Settingup the WedDriver...
2025-05-139 16:47:48 [main] INFO  Log- Navigating to URL...
2025-05-139 16:47:49 [main] INFO  Log- Starting logging test...
2025-05-139 16:47:49 [main] INFO  Log- Adding the credentialss...
2025-05-139 16:47:49 [main] INFO  Log- user Logged in.. 
2025-05-139 16:47:50 [main] INFO  Log- Verifying title...
2025-05-139 16:47:50 [main] INFO  Log- closing browser...
2025-05-139 16:50:43 [main] INFO  Log- Settingup the WedDriver...
2025-05-139 16:50:46 [main] INFO  Log- Navigating to URL...
2025-05-139 16:50:46 [main] INFO  Log- Starting logging test...
2025-05-139 16:50:47 [main] INFO  Log- Adding the credentialss...
2025-05-139 16:50:47 [main] INFO  Log- user Logged in.. 
2025-05-139 16:50:47 [main] INFO  Log- Verifying title...
2025-05-139 16:50:48 [main] INFO  Log- closing browser...
2025-05-139 16:50:48 [main] INFO  Log- Settingup the WedDriver...
2025-05-139 16:50:51 [main] INFO  Log- Navigating to URL...
2025-05-139 16:50:51 [main] INFO  Log- Starting logging test...
2025-05-139 16:50:51 [main] INFO  Log- Adding the credentialss...
2025-05-139 16:50:52 [main] INFO  Log- user Logged in.. 
2025-05-139 16:50:52 [main] INFO  Log- Verifying title...
2025-05-139 16:50:52 [main] INFO  Log- closing browser...
2025-05-139 16:56:43 [main] INFO  Log- Settingup the WedDriver...
2025-05-139 16:56:45 [main] INFO  Log- Navigating to URL...
2025-05-139 16:56:46 [main] INFO  Log- Starting logging test...
2025-05-139 16:56:46 [main] INFO  Log- Adding the credentialss...
2025-05-139 16:56:46 [main] INFO  Log- user Logged in.. 
2025-05-139 16:56:47 [main] INFO  Log- Verifying title...
2025-05-139 16:56:47 [main] INFO  Log- closing browser...
2025-05-139 16:56:48 [main] INFO  Log- Settingup the WedDriver...
2025-05-139 16:56:49 [main] INFO  Log- Navigating to URL...
2025-05-139 16:56:50 [main] INFO  Log- Starting logging test...
2025-05-139 16:56:50 [main] INFO  Log- Adding the credentialss...
2025-05-139 16:56:50 [main] INFO  Log- user Logged in.. 
2025-05-139 16:56:50 [main] INFO  Log- Verifying title...
2025-05-139 16:56:50 [main] INFO  Log- closing browser...
2025-05-139 16:58:53 [main] INFO  Log- Settingup the WedDriver...
2025-05-139 16:58:55 [main] INFO  Log- Navigating to URL...
2025-05-139 16:58:56 [main] INFO  Log- Starting logging test...
2025-05-139 16:58:56 [main] INFO  Log- Adding the credentialss...
2025-05-139 16:58:57 [main] INFO  Log- user Logged in.. 
2025-05-139 16:58:57 [main] INFO  Log- Verifying title...
2025-05-139 16:58:57 [main] INFO  Log- closing browser...
2025-05-139 16:58:58 [main] INFO  Log- Settingup the WedDriver...
2025-05-139 16:59:00 [main] INFO  Log- Navigating to URL...
2025-05-139 16:59:00 [main] INFO  Log- Starting logging test...
2025-05-139 16:59:00 [main] INFO  Log- Adding the credentialss...
2025-05-139 16:59:01 [main] INFO  Log- user Logged in.. 
2025-05-139 16:59:01 [main] INFO  Log- Verifying title...
2025-05-139 16:59:01 [main] INFO  Log- closing browser...
2025-05-140 11:42:02 [main] INFO  Log- Settingup the WedDriver...
2025-05-140 11:42:06 [main] INFO  Log- Navigating to URL...
2025-05-140 11:42:07 [main] INFO  Log- Starting logging test...
2025-05-140 11:42:07 [main] INFO  Log- Adding the credentialss...
2025-05-140 11:42:08 [main] INFO  Log- user Logged in.. 
2025-05-140 11:42:08 [main] INFO  Log- Verifying title...
2025-05-140 11:42:08 [main] INFO  Log- closing browser...
2025-05-140 11:42:09 [main] INFO  Log- Settingup the WedDriver...
2025-05-140 11:42:12 [main] INFO  Log- Navigating to URL...
2025-05-140 11:42:12 [main] INFO  Log- Starting logging test...
2025-05-140 11:42:12 [main] INFO  Log- Adding the credentialss...
2025-05-140 11:42:13 [main] INFO  Log- user Logged in.. 
2025-05-140 11:42:14 [main] INFO  Log- Verifying title...
2025-05-140 11:42:14 [main] INFO  Log- closing browser...
2025-05-140 15:20:23 [main] INFO  Log- Settingup the WedDriver...
2025-05-140 15:20:27 [main] INFO  Log- Navigating to URL...
2025-05-140 15:20:28 [main] INFO  Log- Starting logging test...
2025-05-140 15:20:28 [main] INFO  Log- Adding the credentialss...
2025-05-140 15:20:29 [main] INFO  Log- user Logged in.. 
2025-05-140 15:20:29 [main] INFO  Log- Verifying title...
2025-05-140 15:20:29 [main] INFO  Log- closing browser...
2025-05-140 15:20:30 [main] INFO  Log- Settingup the WedDriver...
2025-05-140 15:20:32 [main] INFO  Log- Navigating to URL...
2025-05-140 15:20:32 [main] INFO  Log- Starting logging test...
2025-05-140 15:20:32 [main] INFO  Log- Adding the credentialss...
2025-05-140 15:20:33 [main] INFO  Log- user Logged in.. 
2025-05-140 15:20:33 [main] INFO  Log- Verifying title...
2025-05-140 15:20:33 [main] INFO  Log- closing browser...
2025-05-140 16:48:55 [main] INFO  Log- Settingup the WedDriver...
2025-05-140 16:48:59 [main] INFO  Log- Navigating to URL...
2025-05-140 16:49:00 [main] INFO  Log- Starting logging test...
2025-05-140 16:49:00 [main] INFO  Log- Adding the credentialss...
2025-05-140 16:49:00 [main] INFO  Log- user Logged in.. 
2025-05-140 16:49:01 [main] INFO  Log- Verifying title...
2025-05-140 16:49:01 [main] INFO  Log- closing browser...
2025-05-140 16:49:01 [main] INFO  Log- Settingup the WedDriver...
2025-05-140 16:49:03 [main] INFO  Log- Navigating to URL...
2025-05-140 16:49:04 [main] INFO  Log- Starting logging test...
2025-05-140 16:49:04 [main] INFO  Log- Adding the credentialss...
2025-05-140 16:49:04 [main] INFO  Log- user Logged in.. 
2025-05-140 16:49:05 [main] INFO  Log- Verifying title...
2025-05-140 16:49:05 [main] INFO  Log- closing browser...
